640222
92881
1187564
1162 1022
246.189
bk1 455 707 791 840
bk10a 133 273 252 651
bk10b 1022 497 1162 658
bk10c 126 651 245 700
bk11 0 455 119 630
bk12 329 133 735 273
bk13 1022 0 1162 497
bk14a 133 140 329 259
bk14b 252 273 371 567
bk14c 791 707 952 826
bk15a 735 140 1001 259
bk15b 553 273 889 392
bk16 336 574 462 693
bk17a 602 840 973 1022
bk17b 371 371 553 574
bk18 553 392 756 574
bk19 126 700 245 784
bk2 462 574 756 707
bk20 973 665 1155 1015
bk21 0 0 315 140
bk3 0 140 133 455
bk4 329 0 889 133
bk5a 889 0 1022 140
bk5b 889 490 1022 665
bk5c 889 259 1022 490
bk6 756 392 889 707
bk7 371 273 553 371
bk8a 245 693 455 903
bk8b 0 630 126 1008
bk9a 483 840 602 1022
bk9b 126 784 245 903
bk9c 126 903 483 1022
bk9d 252 574 336 693
