19090169
1198666
36981672
4956 7462
290.104
M001 0 0 1708 3234
M002 2660 2534 3332 4088
M003 3948 3962 4956 6146
M004 0 5852 3080 7462
M005 3332 2884 3864 4270
M006 518 4970 2380 5852
M007 2674 4088 3024 4956
M008 1708 0 2352 1246
M009 1008 3234 1470 4214
M010 3822 1302 4438 1596
M011 3598 1596 4424 1974
M012 3962 1974 4368 2772
M013 3332 2212 3598 2884
M014 3080 6216 3486 7140
M015 2380 4970 2786 5810
M016 2786 4970 3108 5768
M017 3556 4270 3948 5026
M018 3556 5026 3948 6104
M019 2268 2534 2660 3360
M020 2352 1008 3150 1260
M021 1834 3360 2660 3752
M022 3192 4270 3556 5222
M023 3864 2828 4354 3962
M024 2352 742 3150 1008
M025 2268 2212 3052 2534
M026 4606 6146 4956 6874
M027 1470 3360 1834 4200
M028 0 3234 518 4298
M029 518 3234 1008 4228
M030 3878 6146 4606 7448
M031 3486 6216 3878 7266
M032 2352 0 3136 378
M033 1708 1260 3598 2212
M034 1708 2212 2268 3360
M035 1820 4578 2674 4970
M036 3108 5222 3556 6216
M037 4368 2744 4928 3962
M038 4452 0 4900 966
M039 2352 378 3136 742
M040 4452 966 4844 1834
M041 3598 1974 3962 2828
M042 3024 4088 3192 4466
M043 4424 1834 4956 2744
M044 3822 0 4452 1302
M045 3150 0 3822 1162
M046 0 4298 504 5502
M047 1834 3752 2646 4186
M048 518 4228 1820 4956
M049 1834 4186 2576 4578
