17434974
0
34869948
5626 6198
290.305
b1 5406 773 5616 1293
b2 644 2424 811 2986
b3 4273 2922 4481 3224
b4 1992 3896 2146 4509
b5 3223 1381 3605 1793
b6 1732 1726 1984 2160
b7 2940 2659 3489 2917
b8 4464 1281 4632 1748
b9 3760 2290 3933 2743
b10 569 2227 889 2424
b11 1845 3761 2309 3896
b12 653 1286 967 1685
b13 4815 5716 5410 5954
b14 1577 1726 1729 2036
b15 5027 3621 5200 4256
b16 1899 247 2216 692
b17 5165 1920 5378 2288
b18 1619 5761 2393 5963
b19 4569 3552 4776 4231
b20 1013 452 1155 782
b21 2617 4614 3111 4836
b22 856 247 1013 647
b23 2688 1011 3203 1163
b24 441 568 599 1159
b25 2959 3561 3327 3816
b26 1984 2038 2123 2490
b27 1364 2587 1756 2907
b28 4778 4450 5105 4593
b29 5200 4009 5436 4541
b30 412 3894 573 4283
b31 1967 2689 2494 2838
b32 858 4389 1076 5110
b33 5383 1920 5603 2278
b34 2216 247 2475 792
b35 4073 213 4664 426
b36 1586 1231 1807 1726
b37 999 782 1114 1189
b38 3641 5418 4312 5628
b39 3797 5260 4317 5411
b40 3349 5940 3797 6185
b41 5443 4727 5626 5329
b42 1360 3918 1616 4530
b43 581 4077 849 4486
b44 4240 4911 4504 5149
b45 2904 4102 3134 4581
b46 5213 1293 5438 1920
b47 3147 2917 3303 3421
b48 1168 1469 1586 1693
b49 4400 4009 4545 4441
b50 164 1806 336 2263
b51 3699 3566 4008 4024
b52 1468 3408 1673 3792
b53 4386 893 4579 1217
b54 1544 2036 1732 2285
b55 3303 2917 3483 3352
b56 3587 0 4073 259
b57 1013 247 1704 452
b58 3605 1436 4051 1752
b59 3134 4609 3634 4828
b60 1673 3404 1845 3861
b61 3484 3211 4183 3391
b62 1360 4530 1908 4760
b63 1756 2160 1967 2904
b64 581 3605 781 4077
b65 771 6003 1311 6178
b66 1705 4760 1987 5260
b67 263 5760 761 6044
b68 3043 1980 3479 2231
b69 2393 5781 2840 5957
b70 4858 1767 5165 2228
b71 4347 2365 4604 2609
b72 2338 1828 2719 2034
b73 3427 4987 3558 5466
b74 228 3039 580 3485
b75 1847 3066 2445 3303
b76 3587 259 4057 393
b77 1832 3896 1992 4482
b78 1311 5761 1619 6170
b79 5436 3988 5626 4727
b80 4217 5929 4799 6198
b81 0 4847 468 4980
b82 2880 5616 3080 5929
b83 5418 2601 5623 3369
b84 4999 0 5619 177
b85 4100 2922 4273 3194
b86 3636 3391 3916 3558
b87 3797 4794 4013 5231
b88 4265 893 4386 1281
b89 1034 1668 1166 2142
b90 0 5274 470 5542
b91 3554 2749 3902 2884
b92 5438 1293 5622 1890
b93 2660 3816 3099 4102
b94 5418 2278 5612 2601
b95 3134 4077 3518 4364
b96 2521 2963 2811 3125
b97 4295 3552 4569 4009
b98 1211 3212 1532 3408
b99 4927 2978 5044 3380
b100 3518 4077 3696 4429
b101 1311 5543 1888 5761
b102 811 3163 1211 3281
b103 263 6044 771 6198
b104 858 4063 1147 4389
b105 2738 1703 3135 1980
b106 3479 1921 3914 2282
b107 4815 5305 5198 5716
b108 3914 1752 4060 2290
b109 171 1162 342 1806
b110 412 4283 581 4841
b111 3916 3391 4184 3566
b112 4189 2046 4651 2353
b113 841 5110 1066 5738
b114 177 568 441 1162
b115 4008 3566 4295 4003
b116 1180 2490 1364 2917
b117 2334 3561 2959 3812
b118 2431 2034 2764 2458
b119 4632 1182 4807 1718
b120 1114 782 1272 1180
b121 0 1084 171 1544
b122 3080 5616 3420 5940
b123 1926 5388 2352 5757
b124 4017 893 4265 1336
b125 0 3601 228 4152
b126 569 1686 773 2222
b127 4799 5954 5417 6183
b128 4073 0 4663 213
b129 3374 788 3586 1381
b130 808 3408 1046 3935
b131 4976 4593 5192 5248
b132 3489 3058 4100 3211
b133 2473 3393 3034 3561
b134 811 2424 988 3129
b135 4604 2353 4781 2620
b136 1908 4509 2294 4753
b137 4317 5149 4740 5409
b138 3222 4987 3427 5444
b139 2982 394 3357 519
b140 4778 4593 4976 5305
b141 2617 4836 3134 4987
b142 1532 2907 1847 3404
b143 1495 2285 1755 2587
b144 470 5217 841 5513
b145 3554 2290 3760 2749
b146 2393 5448 2758 5620
b147 1847 3504 2334 3761
b148 1616 3861 1832 4516
b149 4184 3224 4653 3390
b150 1619 5963 2159 6195
b151 4569 5418 4815 5929
b152 2077 906 2240 1192
b153 1300 5292 1926 5543
b154 342 1313 636 1686
b155 5443 5329 5620 5861
b156 2498 5006 2868 5388
b157 3327 3559 3636 3762
b158 5215 2632 5418 3406
b159 4051 1336 4453 1610
b160 4585 852 4870 1182
b161 1147 3935 1360 4598
b162 2240 792 2460 1221
b163 205 2375 417 3039
b164 4184 3390 4614 3535
b165 3605 788 3800 1430
b166 3420 1793 3906 1921
b167 3797 5852 4217 6189
b168 781 3935 1145 4063
b169 0 4152 186 4828
b170 2689 793 3123 1011
b171 1168 1962 1544 2128
b172 5194 4541 5404 5061
b173 2123 2038 2431 2447
b174 2460 792 2688 1410
b175 3800 788 4017 1436
b176 5187 852 5406 1284
b177 3034 3421 3484 3559
b178 3223 836 3374 1357
b179 4653 2978 4927 3552
b180 1034 2285 1495 2490
b181 5215 3406 5422 4009
b182 1517 714 1821 1231
b183 988 2490 1180 2897
b184 1168 1693 1577 1962
b185 4545 4256 5194 4450
b186 1821 906 2077 1213
b187 2527 4239 2904 4614
b188 1469 4760 1705 5292
b189 4217 5628 4569 5895
b190 1807 1231 2098 1716
b191 1034 2142 1491 2279
b192 4060 2000 4189 2365
b193 3222 4828 3529 4982
b194 2769 2267 2940 2909
b195 4504 4905 4777 5135
b196 470 4996 825 5217
b197 773 1685 1034 2227
b198 3134 4364 3457 4606
b199 5194 177 5404 847
b200 1987 4753 2304 5199
b201 3641 5628 4201 5852
b202 3558 4828 3797 5418
b203 186 4152 412 4847
b204 971 1189 1168 1668
b205 2502 0 2950 281
b206 284 181 856 400
b207 1338 4760 1469 5239
b208 2326 4239 2527 4631
b209 4007 426 4585 616
b210 3125 2290 3257 2647
b211 2521 2458 2769 2963
b212 5049 1284 5213 1763
b213 1155 452 1755 714
b214 580 2986 808 3605
b215 1821 692 2189 906
b216 1076 4598 1338 5198
b217 5406 177 5616 773
b218 599 647 999 1040
b219 2769 1980 3043 2267
b220 1046 3408 1179 3876
b221 3634 4672 4015 4794
b222 0 4980 427 5274
b223 3941 2630 4480 2922
b224 1168 1231 1563 1469
b225 4879 374 5194 824
b226 0 0 284 554
b227 1308 2917 1520 3212
b228 1967 2490 2521 2689
b229 2393 5620 2880 5781
b230 0 1930 164 2310
b231 0 2310 205 3074
b232 4870 852 5187 1248
b233 4015 4911 4240 5260
b234 4651 2228 5041 2348
b235 407 3485 560 3894
b236 3933 2365 4347 2630
b237 4433 4450 4778 4905
b238 2814 2917 3147 3388
b239 811 3281 1178 3408
b240 228 3485 407 4099
b241 1847 3303 2473 3504
b242 4017 616 4585 893
b243 2940 2267 3125 2607
b244 3135 1793 3420 1958
b245 653 1040 971 1286
b246 2304 4631 2449 5170
b247 3203 519 3351 836
b248 4015 4685 4433 4911
b249 2758 5448 3321 5616
b250 1755 247 1899 683
b251 3457 4429 3717 4609
b252 4781 2348 4996 2640
b253 2326 3816 2660 4239
b254 2738 1163 3179 1412
b255 841 5738 1255 6003
b256 4585 426 4879 852
b257 2475 391 2689 684
b258 4481 2640 4647 3204
b259 284 400 841 568
b260 3935 4024 4187 4645
b261 1272 782 1517 1231
b262 4653 2783 5215 2978
b263 2824 5957 3349 6196
b264 988 2917 1308 3163
b265 2475 281 2901 391
b266 284 0 891 181
b267 4664 0 4999 374
b268 1984 1817 2338 2038
b269 2868 5316 3221 5448
b270 0 3074 209 3601
b271 5422 3369 5625 3988
b272 5044 2978 5215 3621
b273 581 4486 858 4996
b274 0 5542 263 6138
b275 5224 2288 5383 2582
b276 3357 394 3802 570
b277 2950 222 3586 394
b278 5041 2288 5224 2632
b279 1179 3792 1551 3918
b280 4807 1248 5049 1767
b281 3257 2290 3554 2659
b282 2362 1410 2738 1828
b283 891 0 1213 244
b284 2689 608 3199 793
b285 1213 0 1787 247
b286 3489 2884 3941 3058
b287 1211 3408 1468 3774
b288 417 2424 644 2978
b289 2159 5963 2824 6198
b290 2449 4631 2617 5006
b291 3717 4024 3935 4672
b292 0 1544 163 1930
b293 0 554 177 1084
b294 4464 1767 4858 2046
b295 4776 3621 5027 4246
b296 2868 5006 3222 5316
b297 3099 3816 3699 4077
b298 263 5542 841 5760
b299 5417 5861 5618 6172
b300 342 1162 653 1313
b301 2521 3125 2814 3393
b302 3357 570 4007 788
b303 2738 1412 3223 1703
b304 1787 0 2502 220
b305 4187 4024 4400 4685
b306 4653 2640 5199 2783
b307 342 1686 569 2375
b308 2950 0 3587 222
b309 2146 3896 2326 4505
b310 3420 5466 3641 5894
b311 4060 1610 4464 2000
b312 1967 2838 2448 3066
b313 1987 5199 2498 5382
b314 5198 5061 5443 5700
b315 2098 1221 2362 1817
b316 1066 5198 1300 5735
b317 2689 394 2982 608
